<?xml version="1.0" encoding="UTF-8"?>
<!-- Generated by org.testng.reporters.JUnitReportReporter -->
<testsuite skipped="0" hostname="LAPTOP-2C0613A2" name="com.hrms.testCases.Test1" tests="3" failures="0" timestamp="26 Mar 2022 09:30:45 GMT" time="0.022" errors="0">
  <testcase name="test2" time="0.002" classname="com.hrms.testCases.Test1"/>
  <testcase name="test1" time="0.018" classname="com.hrms.testCases.Test1"/>
  <testcase name="test3" time="0.002" classname="com.hrms.testCases.Test1"/>
</testsuite> <!-- com.hrms.testCases.Test1 -->
