<?xml version="1.0" encoding="UTF-8"?>
<!-- Generated by org.testng.reporters.JUnitReportReporter -->
<testsuite hostname="LAPTOP-2C0613A2" name="com.hrms.testCases.HomePageTest" tests="1" failures="0" timestamp="22 Apr 2022 14:23:35 GMT" time="3.011" errors="0">
  <testcase name="validateTitleTest" time="3.011" classname="com.hrms.testCases.HomePageTest"/>
</testsuite> <!-- com.hrms.testCases.HomePageTest -->
