<?xml version="1.0" encoding="UTF-8"?>
<!-- Generated by org.testng.reporters.JUnitReportReporter -->
<testsuite hostname="LAPTOP-2C0613A2" name="com.hrms.testCases.LoginPageTest" tests="3" failures="0" timestamp="23 Apr 2022 10:34:05 GMT" time="10.727" errors="0">
  <testcase name="validateLoginLogoutTest" time="2.857" classname="com.hrms.testCases.LoginPageTest"/>
  <testcase name="validateTitleTest" time="5.684" classname="com.hrms.testCases.LoginPageTest"/>
  <testcase name="validateLogoTest" time="2.186" classname="com.hrms.testCases.LoginPageTest"/>
</testsuite> <!-- com.hrms.testCases.LoginPageTest -->
