<?xml version="1.0" encoding="UTF-8"?>
<!-- Generated by org.testng.reporters.JUnitReportReporter -->
<testsuite hostname="LAPTOP-2C0613A2" name="com.hrms.testCases.PIMPageTest" tests="1" failures="0" timestamp="23 Apr 2022 10:38:08 GMT" time="6.259" errors="0">
  <testcase name="verifyAddEmployee" time="6.259" classname="com.hrms.testCases.PIMPageTest"/>
</testsuite> <!-- com.hrms.testCases.PIMPageTest -->
