<?xml version="1.0" encoding="UTF-8"?>
<!-- Generated by org.testng.reporters.JUnitReportReporter -->
<testsuite skipped="0" hostname="LAPTOP-2C0613A2" name="com.hrms.testCases.HomePageTest" tests="1" failures="0" timestamp="2022-04-24T15:20:07 IST" time="11.995" errors="0">
  <testcase name="validateTitleTest" time="11.995" classname="com.hrms.testCases.HomePageTest"/>
  <system-out/>
</testsuite> <!-- com.hrms.testCases.HomePageTest -->
