<?xml version="1.0" encoding="UTF-8"?>
<!-- Generated by org.testng.reporters.JUnitReportReporter -->
<testsuite skipped="0" hostname="LAPTOP-2C0613A2" name="com.hrms.testCases.LoginPageTest" tests="3" failures="0" timestamp="2022-04-24T15:20:07 IST" time="11.367" errors="0">
  <testcase name="validateTitleTest" time="2.939" classname="com.hrms.testCases.LoginPageTest"/>
  <system-out/>
  <testcase name="validateLogoTest" time="3.258" classname="com.hrms.testCases.LoginPageTest"/>
  <system-out/>
  <testcase name="validateLoginLogoutTest" time="5.170" classname="com.hrms.testCases.LoginPageTest"/>
  <system-out/>
</testsuite> <!-- com.hrms.testCases.LoginPageTest -->
