<?xml version="1.0" encoding="UTF-8"?>
<!-- Generated by org.testng.reporters.JUnitReportReporter -->
<testsuite skipped="0" hostname="LAPTOP-2C0613A2" name="com.hrms.testCases.PIMPageTest" tests="1" failures="0" timestamp="2022-04-24T15:20:07 IST" time="13.053" errors="0">
  <testcase name="verifyAddEmployee" time="13.053" classname="com.hrms.testCases.PIMPageTest"/>
  <system-out/>
</testsuite> <!-- com.hrms.testCases.PIMPageTest -->
